\BOOKMARK [1][-]{section*.1}{\376\377\000A\000b\000s\000t\000r\000a\000c\000t}{}% 1
\BOOKMARK [1][-]{section.1}{\376\377\0001\000\040\000I\000n\000t\000r\000o\000d\000u\000c\000t\000i\000o\000n}{}% 2
\BOOKMARK [1][-]{section.2}{\376\377\0002\000\040\000B\000a\000c\000k\000g\000r\000o\000u\000n\000d\000\040\000a\000n\000d\000\040\000R\000e\000l\000a\000t\000e\000d\000\040\000W\000o\000r\000k}{}% 3
\BOOKMARK [1][-]{section.3}{\376\377\0003\000\040\000P\000r\000e\000l\000i\000m\000i\000n\000a\000r\000i\000e\000s}{}% 4
\BOOKMARK [1][-]{section.4}{\376\377\0004\000\040\000S\000u\000c\000c\000i\000n\000c\000t\000\040\000D\000i\000s\000t\000r\000i\000b\000u\000t\000e\000d\000\040\000A\000r\000g\000u\000m\000e\000n\000t\000s}{}% 5
\BOOKMARK [2][-]{subsection.4.1}{\376\377\0004\000.\0001\000\040\000D\000e\000f\000i\000n\000i\000n\000g\000\040\000S\000u\000c\000c\000i\000n\000c\000t\000\040\000D\000i\000s\000t\000r\000i\000b\000u\000t\000e\000d\000\040\000A\000r\000g\000u\000m\000e\000n\000t\000s}{section.4}% 6
\BOOKMARK [2][-]{subsection.4.2}{\376\377\0004\000.\0002\000\040\000S\000u\000c\000c\000i\000n\000c\000t\000\040\000D\000i\000s\000t\000r\000i\000b\000u\000t\000e\000d\000\040\000A\000r\000g\000u\000m\000e\000n\000t\000s\000\040\000f\000o\000r\000\040\000N\000P\000\040\000f\000r\000o\000m\000\040\000S\000N\000A\000R\000K\000S}{section.4}% 7
\BOOKMARK [2][-]{subsection.4.3}{\376\377\0004\000.\0003\000\040\000S\000u\000c\000c\000i\000n\000c\000t\000\040\000D\000i\000s\000t\000r\000i\000b\000u\000t\000e\000d\000\040\000A\000r\000g\000u\000m\000e\000n\000t\000s\000\040\000f\000o\000r\000\040\000P\000\040\000f\000r\000o\000m\000\040\000R\000A\000M\000\040\000S\000N\000A\000R\000G\000s}{section.4}% 8
\BOOKMARK [1][-]{section.5}{\376\377\0005\000\040\000C\000e\000r\000t\000i\000f\000y\000i\000n\000g\000\040\000E\000x\000e\000c\000u\000t\000i\000o\000n\000s\000\040\000o\000f\000\040\000C\000o\000m\000p\000u\000t\000a\000t\000i\000o\000n\000a\000l\000l\000y\000-\000E\000f\000f\000i\000c\000i\000e\000n\000t\000\040\000D\000i\000s\000t\000r\000i\000b\000u\000t\000e\000d\000\040\000A\000l\000g\000o\000r\000i\000t\000h\000m\000s}{}% 9
\BOOKMARK [1][-]{section.6}{\376\377\0006\000\040\000O\000n\000\040\000P\000o\000l\000y\000n\000o\000m\000i\000a\000l\000-\000T\000i\000m\000e\000\040\000L\000o\000c\000a\000l\000\040\000D\000i\000s\000t\000r\000i\000b\000u\000t\000e\000d\000\040\000A\000l\000g\000o\000r\000i\000t\000h\000m\000s}{}% 10
\BOOKMARK [2][-]{subsection.6.1}{\376\377\0006\000.\0001\000\040\000D\000e\000f\000i\000n\000i\000t\000i\000o\000n\000s}{section.6}% 11
\BOOKMARK [2][-]{subsection.6.2}{\376\377\0006\000.\0002\000\040\000U\000n\000c\000o\000n\000d\000i\000t\000i\000o\000n\000a\000l\000\040\000S\000e\000p\000a\000r\000a\000t\000i\000o\000n\000\040\000o\000f\000\040\000P\000o\000l\000y\000L\000O\000C\000A\000L\000\040\000f\000r\000o\000m\000\040\000L\000O\000C\000A\000L\000P}{section.6}% 12
\BOOKMARK [2][-]{subsection.6.3}{\376\377\0006\000.\0003\000\040\000S\000e\000p\000a\000r\000a\000t\000i\000o\000n\000\040\000o\000f\000\040\000P\000o\000l\000y\000L\000O\000C\000A\000L\000[\000n\000]\000\040\000F\000r\000o\000m\000\040\000L\000O\000C\000A\000L\000[\000n\000]\000P\000\040\000A\000s\000s\000u\000m\000i\000n\000g\000\040\000I\000n\000j\000e\000c\000t\000i\000v\000e\000\040\000O\000n\000e\000-\000W\000a\000y\000\040\000F\000u\000n\000c\000t\000i\000o\000n\000s}{section.6}% 13
\BOOKMARK [1][-]{section*.39}{\376\377\000R\000e\000f\000e\000r\000e\000n\000c\000e\000s}{}% 14
\BOOKMARK [1][-]{appendix.A}{\376\377\000A\000\040\000F\000u\000r\000t\000h\000e\000r\000\040\000B\000a\000c\000k\000g\000r\000o\000u\000n\000d\000\040\000a\000n\000d\000\040\000D\000i\000s\000c\000u\000s\000s\000i\000o\000n\000\040\000o\000n\000\040\000t\000h\000e\000\040\000C\000r\000y\000p\000t\000o\000g\000r\000a\000p\000h\000i\000c\000\040\000P\000r\000i\000m\000i\000t\000i\000v\000e\000s\000\040\000U\000s\000e\000d}{}% 15
\BOOKMARK [2][-]{subsection.A.1}{\376\377\000A\000.\0001\000\040\000C\000o\000n\000c\000r\000e\000t\000e\000\040\000H\000a\000r\000d\000n\000e\000s\000s\000\040\000A\000s\000s\000u\000m\000p\000t\000i\000o\000n\000s}{appendix.A}% 16
\BOOKMARK [2][-]{subsection.A.2}{\376\377\000A\000.\0002\000\040\000C\000o\000l\000l\000i\000s\000i\000o\000n\000-\000R\000e\000s\000i\000s\000t\000a\000n\000t\000\040\000H\000a\000s\000h}{appendix.A}% 17
\BOOKMARK [2][-]{subsection.A.3}{\376\377\000A\000.\0003\000\040\000R\000A\000M\000\040\000S\000N\000A\000R\000G\000s}{appendix.A}% 18
\BOOKMARK [2][-]{subsection.A.4}{\376\377\000A\000.\0004\000\040\000V\000e\000c\000t\000o\000r\000\040\000C\000o\000m\000m\000i\000t\000m\000e\000n\000t}{appendix.A}% 19
\BOOKMARK [2][-]{subsection.A.5}{\376\377\000A\000.\0005\000\040\000S\000u\000c\000c\000i\000n\000c\000t\000\040\000N\000o\000n\000-\000I\000n\000t\000e\000r\000a\000c\000t\000i\000v\000e\000\040\000A\000r\000g\000u\000m\000e\000n\000t\000s\000\040\000\050\000o\000f\000\040\000K\000n\000o\000w\000l\000e\000d\000g\000e\000\051}{appendix.A}% 20
\BOOKMARK [2][-]{subsection.A.6}{\376\377\000A\000.\0006\000\040\000C\000o\000n\000c\000r\000e\000t\000e\000\040\000I\000n\000s\000t\000a\000n\000t\000i\000a\000t\000i\000o\000n\000s\000\040\000f\000o\000r\000\040\000t\000h\000e\000\040\000C\000o\000n\000s\000t\000r\000u\000c\000t\000i\000o\000n\000s\000\040\000f\000r\000o\000m\000\040\000S\000e\000c\000t\000i\000o\000n\000s\000\040\0004\000\040\000a\000n\000d\000\040\0005}{appendix.A}% 21
\BOOKMARK [2][-]{subsection.A.7}{\376\377\000A\000.\0007\000\040\000S\000u\000c\000c\000i\000n\000c\000t\000\040\000D\000i\000s\000t\000r\000i\000b\000u\000t\000e\000d\000\040\000A\000r\000g\000u\000m\000e\000n\000t\000s\000\040\000f\000o\000r\000\040\000P\000\040\000f\000r\000o\000m\000\040\000R\000A\000M\000\040\000S\000N\000A\000R\000G\000s}{appendix.A}% 22
\BOOKMARK [1][-]{appendix.B}{\376\377\000B\000\040\000P\000s\000e\000u\000d\000o\000c\000o\000d\000e\000\040\000a\000n\000d\000\040\000C\000o\000r\000r\000e\000c\000t\000n\000e\000s\000s\000\040\000P\000r\000o\000o\000f\000s}{}% 23
\BOOKMARK [2][-]{subsection.B.1}{\376\377\000B\000.\0001\000\040\000S\000u\000c\000c\000i\000n\000c\000t\000\040\000D\000i\000s\000t\000r\000i\000b\000u\000t\000e\000d\000\040\000A\000r\000g\000u\000m\000e\000n\000t\000s\000\040\000f\000o\000r\000\040\000N\000P\000\040\000f\000r\000o\000m\000\040\000S\000N\000A\000R\000K\000S}{appendix.B}% 24
\BOOKMARK [2][-]{subsection.B.2}{\376\377\000B\000.\0002\000\040\000C\000e\000r\000t\000i\000f\000y\000i\000n\000g\000\040\000E\000x\000e\000c\000u\000t\000i\000o\000n\000s\000\040\000o\000f\000\040\000C\000o\000m\000p\000u\000t\000a\000t\000i\000o\000n\000a\000l\000l\000y\000-\000E\000f\000f\000i\000c\000i\000e\000n\000t\000\040\000D\000i\000s\000t\000r\000i\000b\000u\000t\000e\000d\000\040\000A\000l\000g\000o\000r\000i\000t\000h\000m\000s}{appendix.B}% 25
